22:47:38.638 [main] INFO  com.intuit.karate - karate.env system property was: null 
22:47:42.793 [main] DEBUG com.intuit.karate - request:
1 > GET https://jsonplaceholder.typicode.com/users
1 > Accept-Encoding: gzip,deflate
1 > Connection: Keep-Alive
1 > Host: jsonplaceholder.typicode.com
1 > User-Agent: Apache-HttpClient/4.5.5 (Java/1.8.0_221)

22:47:43.675 [main] DEBUG com.intuit.karate - response time in milliseconds: 871.64
1 < 200
1 < Age: 16565
1 < CF-Cache-Status: HIT
1 < CF-RAY: 605d0b036a21dfeb-FRA
1 < Connection: keep-alive
1 < Content-Type: application/json; charset=utf-8
1 < Date: Tue, 22 Dec 2020 21:47:44 GMT
1 < Expect-CT: max-age=604800, report-uri="https://report-uri.cloudflare.com/cdn-cgi/beacon/expect-ct"
1 < NEL: {"report_to":"cf-nel","max_age":604800}
1 < Report-To: {"endpoints":[{"url":"https:\/\/a.nel.cloudflare.com\/report?s=zkPO9nNVshVtXVPO4wGScbP1LJb3R6a4l1jZ%2BPHh2m5HWFdxUEIDVc5n%2BjHJv8pIbzWDYsOHCQ57HM9IkPcisW7D0lIK03hPqCugT0BcmKRhBNto4jdCSlUS5Kgh"}],"group":"cf-nel","max_age":604800}
1 < Server: cloudflare
1 < Set-Cookie: __cfduid=daa0fc33ad8059ae205d578f657acbcb21608673664; expires=Thu, 21-Jan-21 21:47:44 GMT; path=/; domain=.typicode.com; HttpOnly; SameSite=Lax
1 < Transfer-Encoding: chunked
1 < access-control-allow-credentials: true
1 < cache-control: max-age=43200
1 < cf-request-id: 072e05361e0000dfebe01e9000000001
1 < etag: W/"160d-1eMSsxeJRfnVLRBmYJSbCiJZ1qQ"
1 < expires: -1
1 < pragma: no-cache
1 < vary: Origin, Accept-Encoding
1 < via: 1.1 vegur
1 < x-content-type-options: nosniff
1 < x-powered-by: Express
1 < x-ratelimit-limit: 1000
1 < x-ratelimit-remaining: 996
1 < x-ratelimit-reset: 1607118329
[
  {
    "id": 1,
    "name": "Leanne Graham",
    "username": "Bret",
    "email": "Sincere@april.biz",
    "address": {
      "street": "Kulas Light",
      "suite": "Apt. 556",
      "city": "Gwenborough",
      "zipcode": "92998-3874",
      "geo": {
        "lat": "-37.3159",
        "lng": "81.1496"
      }
    },
    "phone": "1-770-736-8031 x56442",
    "website": "hildegard.org",
    "company": {
      "name": "Romaguera-Crona",
      "catchPhrase": "Multi-layered client-server neural-net",
      "bs": "harness real-time e-markets"
    }
  },
  {
    "id": 2,
    "name": "Ervin Howell",
    "username": "Antonette",
    "email": "Shanna@melissa.tv",
    "address": {
      "street": "Victor Plains",
      "suite": "Suite 879",
      "city": "Wisokyburgh",
      "zipcode": "90566-7771",
      "geo": {
        "lat": "-43.9509",
        "lng": "-34.4618"
      }
    },
    "phone": "010-692-6593 x09125",
    "website": "anastasia.net",
    "company": {
      "name": "Deckow-Crist",
      "catchPhrase": "Proactive didactic contingency",
      "bs": "synergize scalable supply-chains"
    }
  },
  {
    "id": 3,
    "name": "Clementine Bauch",
    "username": "Samantha",
    "email": "Nathan@yesenia.net",
    "address": {
      "street": "Douglas Extension",
      "suite": "Suite 847",
      "city": "McKenziehaven",
      "zipcode": "59590-4157",
      "geo": {
        "lat": "-68.6102",
        "lng": "-47.0653"
      }
    },
    "phone": "1-463-123-4447",
    "website": "ramiro.info",
    "company": {
      "name": "Romaguera-Jacobson",
      "catchPhrase": "Face to face bifurcated interface",
      "bs": "e-enable strategic applications"
    }
  },
  {
    "id": 4,
    "name": "Patricia Lebsack",
    "username": "Karianne",
    "email": "Julianne.OConner@kory.org",
    "address": {
      "street": "Hoeger Mall",
      "suite": "Apt. 692",
      "city": "South Elvis",
      "zipcode": "53919-4257",
      "geo": {
        "lat": "29.4572",
        "lng": "-164.2990"
      }
    },
    "phone": "493-170-9623 x156",
    "website": "kale.biz",
    "company": {
      "name": "Robel-Corkery",
      "catchPhrase": "Multi-tiered zero tolerance productivity",
      "bs": "transition cutting-edge web services"
    }
  },
  {
    "id": 5,
    "name": "Chelsey Dietrich",
    "username": "Kamren",
    "email": "Lucio_Hettinger@annie.ca",
    "address": {
      "street": "Skiles Walks",
      "suite": "Suite 351",
      "city": "Roscoeview",
      "zipcode": "33263",
      "geo": {
        "lat": "-31.8129",
        "lng": "62.5342"
      }
    },
    "phone": "(254)954-1289",
    "website": "demarco.info",
    "company": {
      "name": "Keebler LLC",
      "catchPhrase": "User-centric fault-tolerant solution",
      "bs": "revolutionize end-to-end systems"
    }
  },
  {
    "id": 6,
    "name": "Mrs. Dennis Schulist",
    "username": "Leopoldo_Corkery",
    "email": "Karley_Dach@jasper.info",
    "address": {
      "street": "Norberto Crossing",
      "suite": "Apt. 950",
      "city": "South Christy",
      "zipcode": "23505-1337",
      "geo": {
        "lat": "-71.4197",
        "lng": "71.7478"
      }
    },
    "phone": "1-477-935-8478 x6430",
    "website": "ola.org",
    "company": {
      "name": "Considine-Lockman",
      "catchPhrase": "Synchronised bottom-line interface",
      "bs": "e-enable innovative applications"
    }
  },
  {
    "id": 7,
    "name": "Kurtis Weissnat",
    "username": "Elwyn.Skiles",
    "email": "Telly.Hoeger@billy.biz",
    "address": {
      "street": "Rex Trail",
      "suite": "Suite 280",
      "city": "Howemouth",
      "zipcode": "58804-1099",
      "geo": {
        "lat": "24.8918",
        "lng": "21.8984"
      }
    },
    "phone": "210.067.6132",
    "website": "elvis.io",
    "company": {
      "name": "Johns Group",
      "catchPhrase": "Configurable multimedia task-force",
      "bs": "generate enterprise e-tailers"
    }
  },
  {
    "id": 8,
    "name": "Nicholas Runolfsdottir V",
    "username": "Maxime_Nienow",
    "email": "Sherwood@rosamond.me",
    "address": {
      "street": "Ellsworth Summit",
      "suite": "Suite 729",
      "city": "Aliyaview",
      "zipcode": "45169",
      "geo": {
        "lat": "-14.3990",
        "lng": "-120.7677"
      }
    },
    "phone": "586.493.6943 x140",
    "website": "jacynthe.com",
    "company": {
      "name": "Abernathy Group",
      "catchPhrase": "Implemented secondary concept",
      "bs": "e-enable extensible e-tailers"
    }
  },
  {
    "id": 9,
    "name": "Glenna Reichert",
    "username": "Delphine",
    "email": "Chaim_McDermott@dana.io",
    "address": {
      "street": "Dayna Park",
      "suite": "Suite 449",
      "city": "Bartholomebury",
      "zipcode": "76495-3109",
      "geo": {
        "lat": "24.6463",
        "lng": "-168.8889"
      }
    },
    "phone": "(775)976-6794 x41206",
    "website": "conrad.com",
    "company": {
      "name": "Yost and Sons",
      "catchPhrase": "Switchable contextually-based project",
      "bs": "aggregate real-time technologies"
    }
  },
  {
    "id": 10,
    "name": "Clementina DuBuque",
    "username": "Moriah.Stanton",
    "email": "Rey.Padberg@karina.biz",
    "address": {
      "street": "Kattie Turnpike",
      "suite": "Suite 198",
      "city": "Lebsackbury",
      "zipcode": "31428-2261",
      "geo": {
        "lat": "-38.2386",
        "lng": "57.2232"
      }
    },
    "phone": "024-648-3804",
    "website": "ambrose.net",
    "company": {
      "name": "Hoeger LLC",
      "catchPhrase": "Centralized empowering task-force",
      "bs": "target end-to-end models"
    }
  }
]

22:47:43.822 [main] DEBUG com.intuit.karate - request:
2 > GET https://jsonplaceholder.typicode.com/users/1
2 > Accept-Encoding: gzip,deflate
2 > Connection: Keep-Alive
2 > Cookie: __cfduid=daa0fc33ad8059ae205d578f657acbcb21608673664
2 > Host: jsonplaceholder.typicode.com
2 > User-Agent: Apache-HttpClient/4.5.5 (Java/1.8.0_221)

22:47:44.058 [main] DEBUG com.intuit.karate - response time in milliseconds: 225.18
2 < 200
2 < Access-Control-Allow-Credentials: true
2 < Age: 26950
2 < CF-Cache-Status: HIT
2 < CF-RAY: 605d0b063c044a6e-FRA
2 < Cache-Control: max-age=43200
2 < Connection: keep-alive
2 < Content-Type: application/json; charset=utf-8
2 < Date: Tue, 22 Dec 2020 21:47:45 GMT
2 < Etag: W/"1fd-+2Y3G3w049iSZtw5t1mzSnunngE"
2 < Expect-CT: max-age=604800, report-uri="https://report-uri.cloudflare.com/cdn-cgi/beacon/expect-ct"
2 < Expires: -1
2 < NEL: {"report_to":"cf-nel","max_age":604800}
2 < Pragma: no-cache
2 < Report-To: {"endpoints":[{"url":"https:\/\/a.nel.cloudflare.com\/report?s=Fxfc428YhkrpKkav7mWicnwjnU6rF4CSedNDw9bTTE51WT3h8ibbrufmY81ks1MwrH3COQ8JHtBBSNbY3bEOaDRa9ocCCda5Zn5M9i4qaxreB3MrJ1HSc21f3ANW"}],"group":"cf-nel","max_age":604800}
2 < Server: cloudflare
2 < Transfer-Encoding: chunked
2 < Vary: Origin, Accept-Encoding
2 < Via: 1.1 vegur
2 < X-Content-Type-Options: nosniff
2 < X-Powered-By: Express
2 < X-Ratelimit-Limit: 1000
2 < X-Ratelimit-Remaining: 998
2 < X-Ratelimit-Reset: 1608335297
2 < cf-request-id: 072e0537e300004a6ed1a59000000001
{
  "id": 1,
  "name": "Leanne Graham",
  "username": "Bret",
  "email": "Sincere@april.biz",
  "address": {
    "street": "Kulas Light",
    "suite": "Apt. 556",
    "city": "Gwenborough",
    "zipcode": "92998-3874",
    "geo": {
      "lat": "-37.3159",
      "lng": "81.1496"
    }
  },
  "phone": "1-770-736-8031 x56442",
  "website": "hildegard.org",
  "company": {
    "name": "Romaguera-Crona",
    "catchPhrase": "Multi-layered client-server neural-net",
    "bs": "harness real-time e-markets"
  }
}

22:47:44.127 [main] INFO  com.intuit.karate - karate.env system property was: null 
22:47:44.158 [main] DEBUG com.intuit.karate - request:
1 > POST https://jsonplaceholder.typicode.com/users
1 > Accept-Encoding: gzip,deflate
1 > Connection: Keep-Alive
1 > Content-Length: 160
1 > Content-Type: application/json; charset=UTF-8
1 > Host: jsonplaceholder.typicode.com
1 > User-Agent: Apache-HttpClient/4.5.5 (Java/1.8.0_221)
{"name":"Test User","username":"testuser","email":"test@user.com","address":{"street":"Has No Name","suite":"Apt. 123","city":"Electri","zipcode":"54321-6789"}}

22:47:44.559 [main] DEBUG com.intuit.karate - response time in milliseconds: 385.84
1 < 201
1 < Access-Control-Allow-Credentials: true
1 < Access-Control-Expose-Headers: Location
1 < CF-Cache-Status: DYNAMIC
1 < CF-RAY: 605d0b07d99fd6f5-FRA
1 < Cache-Control: no-cache
1 < Connection: keep-alive
1 < Content-Length: 216
1 < Content-Type: application/json; charset=utf-8
1 < Date: Tue, 22 Dec 2020 21:47:45 GMT
1 < Etag: W/"d8-pYV7+YuMGP2hxHPU9ARrf97ifDA"
1 < Expect-CT: max-age=604800, report-uri="https://report-uri.cloudflare.com/cdn-cgi/beacon/expect-ct"
1 < Expires: -1
1 < Location: http://jsonplaceholder.typicode.com/users/11
1 < NEL: {"report_to":"cf-nel","max_age":604800}
1 < Pragma: no-cache
1 < Report-To: {"endpoints":[{"url":"https:\/\/a.nel.cloudflare.com\/report?s=nZdT9Xn1Fvb3DUwr1jcDZr%2BfLWFSx03L3Zi2rnRSC2L8OZi7a7WRHYU685VfFE7flnb85uC8Nf1jaxZjq8klFqeuz8KZeBGWRd6LeBhaQ9jNUoccSmpbfO%2BQg9RX"}],"group":"cf-nel","max_age":604800}
1 < Server: cloudflare
1 < Set-Cookie: __cfduid=dadb8c32714f5ee617c9a0b0a1c2a1b5c1608673665; expires=Thu, 21-Jan-21 21:47:45 GMT; path=/; domain=.typicode.com; HttpOnly; SameSite=Lax
1 < Vary: Origin, X-HTTP-Method-Override, Accept-Encoding
1 < Via: 1.1 vegur
1 < X-Content-Type-Options: nosniff
1 < X-Powered-By: Express
1 < X-Ratelimit-Limit: 1000
1 < X-Ratelimit-Remaining: 999
1 < X-Ratelimit-Reset: 1608673702
1 < cf-request-id: 072e0538ea0000d6f527811000000001
{
  "name": "Test User",
  "username": "testuser",
  "email": "test@user.com",
  "address": {
    "street": "Has No Name",
    "suite": "Apt. 123",
    "city": "Electri",
    "zipcode": "54321-6789"
  },
  "id": 11
}

22:47:44.628 [main] INFO  com.intuit.karate - [print] created id is:  11
23:09:20.508 [main] INFO  com.intuit.karate - karate.env system property was: null 
23:09:28.161 [main] DEBUG com.intuit.karate - request:
1 > GET https://jsonplaceholder.typicode.com/users
1 > Accept-Encoding: gzip,deflate
1 > Connection: Keep-Alive
1 > Host: jsonplaceholder.typicode.com
1 > User-Agent: Apache-HttpClient/4.5.5 (Java/1.8.0_221)

23:09:29.806 [main] DEBUG com.intuit.karate - response time in milliseconds: 1621.57
1 < 200
1 < Age: 17871
1 < CF-Cache-Status: HIT
1 < CF-RAY: 605d2ae63b996413-FRA
1 < Connection: keep-alive
1 < Content-Type: application/json; charset=utf-8
1 < Date: Tue, 22 Dec 2020 22:09:30 GMT
1 < Expect-CT: max-age=604800, report-uri="https://report-uri.cloudflare.com/cdn-cgi/beacon/expect-ct"
1 < NEL: {"report_to":"cf-nel","max_age":604800}
1 < Report-To: {"endpoints":[{"url":"https:\/\/a.nel.cloudflare.com\/report?s=68Z%2FlHslhn%2FrqLNLcv2O7m9vChUwJc1i1mq7In9%2BuFZ6J2x24FUtLYlly84iI6%2B4HKmyLcr%2FXMsbN%2FC1tfpS864JgmsqlA2TVoGUcdYRnqs3YcsoryDD2qoL6PCw"}],"group":"cf-nel","max_age":604800}
1 < Server: cloudflare
1 < Set-Cookie: __cfduid=ddd51923dd6a724d23a5f585ea57ed9931608674970; expires=Thu, 21-Jan-21 22:09:30 GMT; path=/; domain=.typicode.com; HttpOnly; SameSite=Lax
1 < Transfer-Encoding: chunked
1 < access-control-allow-credentials: true
1 < cache-control: max-age=43200
1 < cf-request-id: 072e1923e300006413cd015000000001
1 < etag: W/"160d-1eMSsxeJRfnVLRBmYJSbCiJZ1qQ"
1 < expires: -1
1 < pragma: no-cache
1 < vary: Origin, Accept-Encoding
1 < via: 1.1 vegur
1 < x-content-type-options: nosniff
1 < x-powered-by: Express
1 < x-ratelimit-limit: 1000
1 < x-ratelimit-remaining: 996
1 < x-ratelimit-reset: 1607118329
[
  {
    "id": 1,
    "name": "Leanne Graham",
    "username": "Bret",
    "email": "Sincere@april.biz",
    "address": {
      "street": "Kulas Light",
      "suite": "Apt. 556",
      "city": "Gwenborough",
      "zipcode": "92998-3874",
      "geo": {
        "lat": "-37.3159",
        "lng": "81.1496"
      }
    },
    "phone": "1-770-736-8031 x56442",
    "website": "hildegard.org",
    "company": {
      "name": "Romaguera-Crona",
      "catchPhrase": "Multi-layered client-server neural-net",
      "bs": "harness real-time e-markets"
    }
  },
  {
    "id": 2,
    "name": "Ervin Howell",
    "username": "Antonette",
    "email": "Shanna@melissa.tv",
    "address": {
      "street": "Victor Plains",
      "suite": "Suite 879",
      "city": "Wisokyburgh",
      "zipcode": "90566-7771",
      "geo": {
        "lat": "-43.9509",
        "lng": "-34.4618"
      }
    },
    "phone": "010-692-6593 x09125",
    "website": "anastasia.net",
    "company": {
      "name": "Deckow-Crist",
      "catchPhrase": "Proactive didactic contingency",
      "bs": "synergize scalable supply-chains"
    }
  },
  {
    "id": 3,
    "name": "Clementine Bauch",
    "username": "Samantha",
    "email": "Nathan@yesenia.net",
    "address": {
      "street": "Douglas Extension",
      "suite": "Suite 847",
      "city": "McKenziehaven",
      "zipcode": "59590-4157",
      "geo": {
        "lat": "-68.6102",
        "lng": "-47.0653"
      }
    },
    "phone": "1-463-123-4447",
    "website": "ramiro.info",
    "company": {
      "name": "Romaguera-Jacobson",
      "catchPhrase": "Face to face bifurcated interface",
      "bs": "e-enable strategic applications"
    }
  },
  {
    "id": 4,
    "name": "Patricia Lebsack",
    "username": "Karianne",
    "email": "Julianne.OConner@kory.org",
    "address": {
      "street": "Hoeger Mall",
      "suite": "Apt. 692",
      "city": "South Elvis",
      "zipcode": "53919-4257",
      "geo": {
        "lat": "29.4572",
        "lng": "-164.2990"
      }
    },
    "phone": "493-170-9623 x156",
    "website": "kale.biz",
    "company": {
      "name": "Robel-Corkery",
      "catchPhrase": "Multi-tiered zero tolerance productivity",
      "bs": "transition cutting-edge web services"
    }
  },
  {
    "id": 5,
    "name": "Chelsey Dietrich",
    "username": "Kamren",
    "email": "Lucio_Hettinger@annie.ca",
    "address": {
      "street": "Skiles Walks",
      "suite": "Suite 351",
      "city": "Roscoeview",
      "zipcode": "33263",
      "geo": {
        "lat": "-31.8129",
        "lng": "62.5342"
      }
    },
    "phone": "(254)954-1289",
    "website": "demarco.info",
    "company": {
      "name": "Keebler LLC",
      "catchPhrase": "User-centric fault-tolerant solution",
      "bs": "revolutionize end-to-end systems"
    }
  },
  {
    "id": 6,
    "name": "Mrs. Dennis Schulist",
    "username": "Leopoldo_Corkery",
    "email": "Karley_Dach@jasper.info",
    "address": {
      "street": "Norberto Crossing",
      "suite": "Apt. 950",
      "city": "South Christy",
      "zipcode": "23505-1337",
      "geo": {
        "lat": "-71.4197",
        "lng": "71.7478"
      }
    },
    "phone": "1-477-935-8478 x6430",
    "website": "ola.org",
    "company": {
      "name": "Considine-Lockman",
      "catchPhrase": "Synchronised bottom-line interface",
      "bs": "e-enable innovative applications"
    }
  },
  {
    "id": 7,
    "name": "Kurtis Weissnat",
    "username": "Elwyn.Skiles",
    "email": "Telly.Hoeger@billy.biz",
    "address": {
      "street": "Rex Trail",
      "suite": "Suite 280",
      "city": "Howemouth",
      "zipcode": "58804-1099",
      "geo": {
        "lat": "24.8918",
        "lng": "21.8984"
      }
    },
    "phone": "210.067.6132",
    "website": "elvis.io",
    "company": {
      "name": "Johns Group",
      "catchPhrase": "Configurable multimedia task-force",
      "bs": "generate enterprise e-tailers"
    }
  },
  {
    "id": 8,
    "name": "Nicholas Runolfsdottir V",
    "username": "Maxime_Nienow",
    "email": "Sherwood@rosamond.me",
    "address": {
      "street": "Ellsworth Summit",
      "suite": "Suite 729",
      "city": "Aliyaview",
      "zipcode": "45169",
      "geo": {
        "lat": "-14.3990",
        "lng": "-120.7677"
      }
    },
    "phone": "586.493.6943 x140",
    "website": "jacynthe.com",
    "company": {
      "name": "Abernathy Group",
      "catchPhrase": "Implemented secondary concept",
      "bs": "e-enable extensible e-tailers"
    }
  },
  {
    "id": 9,
    "name": "Glenna Reichert",
    "username": "Delphine",
    "email": "Chaim_McDermott@dana.io",
    "address": {
      "street": "Dayna Park",
      "suite": "Suite 449",
      "city": "Bartholomebury",
      "zipcode": "76495-3109",
      "geo": {
        "lat": "24.6463",
        "lng": "-168.8889"
      }
    },
    "phone": "(775)976-6794 x41206",
    "website": "conrad.com",
    "company": {
      "name": "Yost and Sons",
      "catchPhrase": "Switchable contextually-based project",
      "bs": "aggregate real-time technologies"
    }
  },
  {
    "id": 10,
    "name": "Clementina DuBuque",
    "username": "Moriah.Stanton",
    "email": "Rey.Padberg@karina.biz",
    "address": {
      "street": "Kattie Turnpike",
      "suite": "Suite 198",
      "city": "Lebsackbury",
      "zipcode": "31428-2261",
      "geo": {
        "lat": "-38.2386",
        "lng": "57.2232"
      }
    },
    "phone": "024-648-3804",
    "website": "ambrose.net",
    "company": {
      "name": "Hoeger LLC",
      "catchPhrase": "Centralized empowering task-force",
      "bs": "target end-to-end models"
    }
  }
]

23:09:31.063 [main] DEBUG com.intuit.karate - request:
2 > GET https://jsonplaceholder.typicode.com/users/1
2 > Accept-Encoding: gzip,deflate
2 > Connection: Keep-Alive
2 > Cookie: __cfduid=ddd51923dd6a724d23a5f585ea57ed9931608674970
2 > Host: jsonplaceholder.typicode.com
2 > User-Agent: Apache-HttpClient/4.5.5 (Java/1.8.0_221)

23:09:31.441 [main] DEBUG com.intuit.karate - response time in milliseconds: 357.30
2 < 200
2 < Access-Control-Allow-Credentials: true
2 < Age: 28257
2 < CF-Cache-Status: HIT
2 < CF-RAY: 605d2af08b9005c8-FRA
2 < Cache-Control: max-age=43200
2 < Connection: keep-alive
2 < Content-Type: application/json; charset=utf-8
2 < Date: Tue, 22 Dec 2020 22:09:32 GMT
2 < Etag: W/"1fd-+2Y3G3w049iSZtw5t1mzSnunngE"
2 < Expect-CT: max-age=604800, report-uri="https://report-uri.cloudflare.com/cdn-cgi/beacon/expect-ct"
2 < Expires: -1
2 < NEL: {"report_to":"cf-nel","max_age":604800}
2 < Pragma: no-cache
2 < Report-To: {"endpoints":[{"url":"https:\/\/a.nel.cloudflare.com\/report?s=y2U3d7OMLXnZfmwHZLA7b0wx%2FCCizyRkZzshAiZnewn4WmcWcDqD3BHGKTlpRjJ3AfN6FO4o2DA00io5VwR2KDU%2FBaddftLpHya9MlOjyB9zsR7FembAKum%2Fdr35"}],"group":"cf-nel","max_age":604800}
2 < Server: cloudflare
2 < Transfer-Encoding: chunked
2 < Vary: Origin, Accept-Encoding
2 < Via: 1.1 vegur
2 < X-Content-Type-Options: nosniff
2 < X-Powered-By: Express
2 < X-Ratelimit-Limit: 1000
2 < X-Ratelimit-Remaining: 998
2 < X-Ratelimit-Reset: 1608335297
2 < cf-request-id: 072e192a55000005c81c8f1000000001
{
  "id": 1,
  "name": "Leanne Graham",
  "username": "Bret",
  "email": "Sincere@april.biz",
  "address": {
    "street": "Kulas Light",
    "suite": "Apt. 556",
    "city": "Gwenborough",
    "zipcode": "92998-3874",
    "geo": {
      "lat": "-37.3159",
      "lng": "81.1496"
    }
  },
  "phone": "1-770-736-8031 x56442",
  "website": "hildegard.org",
  "company": {
    "name": "Romaguera-Crona",
    "catchPhrase": "Multi-layered client-server neural-net",
    "bs": "harness real-time e-markets"
  }
}

23:09:31.664 [main] INFO  com.intuit.karate - karate.env system property was: null 
23:09:32.099 [main] DEBUG com.intuit.karate - request:
1 > POST https://jsonplaceholder.typicode.com/users
1 > Accept-Encoding: gzip,deflate
1 > Connection: Keep-Alive
1 > Content-Length: 160
1 > Content-Type: application/json; charset=UTF-8
1 > Host: jsonplaceholder.typicode.com
1 > User-Agent: Apache-HttpClient/4.5.5 (Java/1.8.0_221)
{"name":"Test User","username":"testuser","email":"test@user.com","address":{"street":"Has No Name","suite":"Apt. 123","city":"Electri","zipcode":"54321-6789"}}

23:09:32.547 [main] DEBUG com.intuit.karate - response time in milliseconds: 440.30
1 < 201
1 < Access-Control-Allow-Credentials: true
1 < Access-Control-Expose-Headers: Location
1 < CF-Cache-Status: DYNAMIC
1 < CF-RAY: 605d2af68bc3d729-FRA
1 < Cache-Control: no-cache
1 < Connection: keep-alive
1 < Content-Length: 216
1 < Content-Type: application/json; charset=utf-8
1 < Date: Tue, 22 Dec 2020 22:09:33 GMT
1 < Etag: W/"d8-pYV7+YuMGP2hxHPU9ARrf97ifDA"
1 < Expect-CT: max-age=604800, report-uri="https://report-uri.cloudflare.com/cdn-cgi/beacon/expect-ct"
1 < Expires: -1
1 < Location: http://jsonplaceholder.typicode.com/users/11
1 < NEL: {"report_to":"cf-nel","max_age":604800}
1 < Pragma: no-cache
1 < Report-To: {"endpoints":[{"url":"https:\/\/a.nel.cloudflare.com\/report?s=IiNY%2Fa1FRyobo5GOwUgPbfVMr9gnXegF4HuzpzoIG5GX9iFIVkpHEzN7STkz%2B5ZLvB3HYL8g2jHf5V8xzZpnyRLAqWnpQGVKLCmm1odtCst9k9QG%2FMdmdGAqHGtG"}],"group":"cf-nel","max_age":604800}
1 < Server: cloudflare
1 < Set-Cookie: __cfduid=d57f6fda842b70f78a6b1f2cb0539b3021608674973; expires=Thu, 21-Jan-21 22:09:33 GMT; path=/; domain=.typicode.com; HttpOnly; SameSite=Lax
1 < Vary: Origin, X-HTTP-Method-Override, Accept-Encoding
1 < Via: 1.1 vegur
1 < X-Content-Type-Options: nosniff
1 < X-Powered-By: Express
1 < X-Ratelimit-Limit: 1000
1 < X-Ratelimit-Remaining: 999
1 < X-Ratelimit-Reset: 1608675022
1 < cf-request-id: 072e192e140000d72968237000000001
{
  "name": "Test User",
  "username": "testuser",
  "email": "test@user.com",
  "address": {
    "street": "Has No Name",
    "suite": "Apt. 123",
    "city": "Electri",
    "zipcode": "54321-6789"
  },
  "id": 11
}

23:09:32.663 [main] INFO  com.intuit.karate - [print] created id is:  11
23:14:26.388 [main] INFO  com.intuit.karate - karate.env system property was: null 
23:14:33.696 [main] DEBUG com.intuit.karate - request:
1 > GET https://jsonplaceholder.typicode.com/users
1 > Accept-Encoding: gzip,deflate
1 > Connection: Keep-Alive
1 > Host: jsonplaceholder.typicode.com
1 > User-Agent: Apache-HttpClient/4.5.5 (Java/1.8.0_221)

23:14:35.155 [main] DEBUG com.intuit.karate - response time in milliseconds: 1436.70
1 < 200
1 < Age: 18176
1 < CF-Cache-Status: HIT
1 < CF-RAY: 605d325abb464a8b-FRA
1 < Connection: keep-alive
1 < Content-Type: application/json; charset=utf-8
1 < Date: Tue, 22 Dec 2020 22:14:35 GMT
1 < Expect-CT: max-age=604800, report-uri="https://report-uri.cloudflare.com/cdn-cgi/beacon/expect-ct"
1 < NEL: {"report_to":"cf-nel","max_age":604800}
1 < Report-To: {"endpoints":[{"url":"https:\/\/a.nel.cloudflare.com\/report?s=PWqh5jrpjj%2FEQznHPasgPtP0ZT5wS8qIVPU%2Fh2W7pjsPqbPoJ44vlUBDJr2KTOHKbKvW4EbtTUJLQ1ZJWcDKpxjf%2BogzzSnsRFKmraIwnthMifw%2BVh2CHEw03KbN"}],"group":"cf-nel","max_age":604800}
1 < Server: cloudflare
1 < Set-Cookie: __cfduid=d886129daa5ff715dc572a4a68bee6a7c1608675275; expires=Thu, 21-Jan-21 22:14:35 GMT; path=/; domain=.typicode.com; HttpOnly; SameSite=Lax
1 < Transfer-Encoding: chunked
1 < access-control-allow-credentials: true
1 < cache-control: max-age=43200
1 < cf-request-id: 072e1dccb700004a8b32347000000001
1 < etag: W/"160d-1eMSsxeJRfnVLRBmYJSbCiJZ1qQ"
1 < expires: -1
1 < pragma: no-cache
1 < vary: Origin, Accept-Encoding
1 < via: 1.1 vegur
1 < x-content-type-options: nosniff
1 < x-powered-by: Express
1 < x-ratelimit-limit: 1000
1 < x-ratelimit-remaining: 996
1 < x-ratelimit-reset: 1607118329
[
  {
    "id": 1,
    "name": "Leanne Graham",
    "username": "Bret",
    "email": "Sincere@april.biz",
    "address": {
      "street": "Kulas Light",
      "suite": "Apt. 556",
      "city": "Gwenborough",
      "zipcode": "92998-3874",
      "geo": {
        "lat": "-37.3159",
        "lng": "81.1496"
      }
    },
    "phone": "1-770-736-8031 x56442",
    "website": "hildegard.org",
    "company": {
      "name": "Romaguera-Crona",
      "catchPhrase": "Multi-layered client-server neural-net",
      "bs": "harness real-time e-markets"
    }
  },
  {
    "id": 2,
    "name": "Ervin Howell",
    "username": "Antonette",
    "email": "Shanna@melissa.tv",
    "address": {
      "street": "Victor Plains",
      "suite": "Suite 879",
      "city": "Wisokyburgh",
      "zipcode": "90566-7771",
      "geo": {
        "lat": "-43.9509",
        "lng": "-34.4618"
      }
    },
    "phone": "010-692-6593 x09125",
    "website": "anastasia.net",
    "company": {
      "name": "Deckow-Crist",
      "catchPhrase": "Proactive didactic contingency",
      "bs": "synergize scalable supply-chains"
    }
  },
  {
    "id": 3,
    "name": "Clementine Bauch",
    "username": "Samantha",
    "email": "Nathan@yesenia.net",
    "address": {
      "street": "Douglas Extension",
      "suite": "Suite 847",
      "city": "McKenziehaven",
      "zipcode": "59590-4157",
      "geo": {
        "lat": "-68.6102",
        "lng": "-47.0653"
      }
    },
    "phone": "1-463-123-4447",
    "website": "ramiro.info",
    "company": {
      "name": "Romaguera-Jacobson",
      "catchPhrase": "Face to face bifurcated interface",
      "bs": "e-enable strategic applications"
    }
  },
  {
    "id": 4,
    "name": "Patricia Lebsack",
    "username": "Karianne",
    "email": "Julianne.OConner@kory.org",
    "address": {
      "street": "Hoeger Mall",
      "suite": "Apt. 692",
      "city": "South Elvis",
      "zipcode": "53919-4257",
      "geo": {
        "lat": "29.4572",
        "lng": "-164.2990"
      }
    },
    "phone": "493-170-9623 x156",
    "website": "kale.biz",
    "company": {
      "name": "Robel-Corkery",
      "catchPhrase": "Multi-tiered zero tolerance productivity",
      "bs": "transition cutting-edge web services"
    }
  },
  {
    "id": 5,
    "name": "Chelsey Dietrich",
    "username": "Kamren",
    "email": "Lucio_Hettinger@annie.ca",
    "address": {
      "street": "Skiles Walks",
      "suite": "Suite 351",
      "city": "Roscoeview",
      "zipcode": "33263",
      "geo": {
        "lat": "-31.8129",
        "lng": "62.5342"
      }
    },
    "phone": "(254)954-1289",
    "website": "demarco.info",
    "company": {
      "name": "Keebler LLC",
      "catchPhrase": "User-centric fault-tolerant solution",
      "bs": "revolutionize end-to-end systems"
    }
  },
  {
    "id": 6,
    "name": "Mrs. Dennis Schulist",
    "username": "Leopoldo_Corkery",
    "email": "Karley_Dach@jasper.info",
    "address": {
      "street": "Norberto Crossing",
      "suite": "Apt. 950",
      "city": "South Christy",
      "zipcode": "23505-1337",
      "geo": {
        "lat": "-71.4197",
        "lng": "71.7478"
      }
    },
    "phone": "1-477-935-8478 x6430",
    "website": "ola.org",
    "company": {
      "name": "Considine-Lockman",
      "catchPhrase": "Synchronised bottom-line interface",
      "bs": "e-enable innovative applications"
    }
  },
  {
    "id": 7,
    "name": "Kurtis Weissnat",
    "username": "Elwyn.Skiles",
    "email": "Telly.Hoeger@billy.biz",
    "address": {
      "street": "Rex Trail",
      "suite": "Suite 280",
      "city": "Howemouth",
      "zipcode": "58804-1099",
      "geo": {
        "lat": "24.8918",
        "lng": "21.8984"
      }
    },
    "phone": "210.067.6132",
    "website": "elvis.io",
    "company": {
      "name": "Johns Group",
      "catchPhrase": "Configurable multimedia task-force",
      "bs": "generate enterprise e-tailers"
    }
  },
  {
    "id": 8,
    "name": "Nicholas Runolfsdottir V",
    "username": "Maxime_Nienow",
    "email": "Sherwood@rosamond.me",
    "address": {
      "street": "Ellsworth Summit",
      "suite": "Suite 729",
      "city": "Aliyaview",
      "zipcode": "45169",
      "geo": {
        "lat": "-14.3990",
        "lng": "-120.7677"
      }
    },
    "phone": "586.493.6943 x140",
    "website": "jacynthe.com",
    "company": {
      "name": "Abernathy Group",
      "catchPhrase": "Implemented secondary concept",
      "bs": "e-enable extensible e-tailers"
    }
  },
  {
    "id": 9,
    "name": "Glenna Reichert",
    "username": "Delphine",
    "email": "Chaim_McDermott@dana.io",
    "address": {
      "street": "Dayna Park",
      "suite": "Suite 449",
      "city": "Bartholomebury",
      "zipcode": "76495-3109",
      "geo": {
        "lat": "24.6463",
        "lng": "-168.8889"
      }
    },
    "phone": "(775)976-6794 x41206",
    "website": "conrad.com",
    "company": {
      "name": "Yost and Sons",
      "catchPhrase": "Switchable contextually-based project",
      "bs": "aggregate real-time technologies"
    }
  },
  {
    "id": 10,
    "name": "Clementina DuBuque",
    "username": "Moriah.Stanton",
    "email": "Rey.Padberg@karina.biz",
    "address": {
      "street": "Kattie Turnpike",
      "suite": "Suite 198",
      "city": "Lebsackbury",
      "zipcode": "31428-2261",
      "geo": {
        "lat": "-38.2386",
        "lng": "57.2232"
      }
    },
    "phone": "024-648-3804",
    "website": "ambrose.net",
    "company": {
      "name": "Hoeger LLC",
      "catchPhrase": "Centralized empowering task-force",
      "bs": "target end-to-end models"
    }
  }
]

23:14:35.877 [main] DEBUG com.intuit.karate - request:
2 > GET https://jsonplaceholder.typicode.com/users/1
2 > Accept-Encoding: gzip,deflate
2 > Connection: Keep-Alive
2 > Cookie: __cfduid=d886129daa5ff715dc572a4a68bee6a7c1608675275
2 > Host: jsonplaceholder.typicode.com
2 > User-Agent: Apache-HttpClient/4.5.5 (Java/1.8.0_221)

23:14:36.106 [main] DEBUG com.intuit.karate - response time in milliseconds: 212.66
2 < 200
2 < Access-Control-Allow-Credentials: true
2 < Age: 28562
2 < CF-Cache-Status: HIT
2 < CF-RAY: 605d32616aabbec9-FRA
2 < Cache-Control: max-age=43200
2 < Connection: keep-alive
2 < Content-Type: application/json; charset=utf-8
2 < Date: Tue, 22 Dec 2020 22:14:37 GMT
2 < Etag: W/"1fd-+2Y3G3w049iSZtw5t1mzSnunngE"
2 < Expect-CT: max-age=604800, report-uri="https://report-uri.cloudflare.com/cdn-cgi/beacon/expect-ct"
2 < Expires: -1
2 < NEL: {"report_to":"cf-nel","max_age":604800}
2 < Pragma: no-cache
2 < Report-To: {"endpoints":[{"url":"https:\/\/a.nel.cloudflare.com\/report?s=o7LnQE%2B7TB5%2FFTx%2FDN%2FaVNvnS7IxeyjpcpO87acZhT%2BRQ%2BjH%2Beq7NUCzYP7oDgnn2IBtDA4q%2BThOpJrHdgD4zEhyTRr%2FD4Uj2Z5pVvZ85AFdHeSiNg%2FO%2BPGhJap8"}],"group":"cf-nel","max_age":604800}
2 < Server: cloudflare
2 < Transfer-Encoding: chunked
2 < Vary: Origin, Accept-Encoding
2 < Via: 1.1 vegur
2 < X-Content-Type-Options: nosniff
2 < X-Powered-By: Express
2 < X-Ratelimit-Limit: 1000
2 < X-Ratelimit-Remaining: 998
2 < X-Ratelimit-Reset: 1608335297
2 < cf-request-id: 072e1dd0e40000bec9c6007000000001
{
  "id": 1,
  "name": "Leanne Graham",
  "username": "Bret",
  "email": "Sincere@april.biz",
  "address": {
    "street": "Kulas Light",
    "suite": "Apt. 556",
    "city": "Gwenborough",
    "zipcode": "92998-3874",
    "geo": {
      "lat": "-37.3159",
      "lng": "81.1496"
    }
  },
  "phone": "1-770-736-8031 x56442",
  "website": "hildegard.org",
  "company": {
    "name": "Romaguera-Crona",
    "catchPhrase": "Multi-layered client-server neural-net",
    "bs": "harness real-time e-markets"
  }
}

23:14:36.277 [main] INFO  com.intuit.karate - karate.env system property was: null 
23:14:36.552 [main] DEBUG com.intuit.karate - request:
1 > POST https://jsonplaceholder.typicode.com/users
1 > Accept-Encoding: gzip,deflate
1 > Connection: Keep-Alive
1 > Content-Length: 160
1 > Content-Type: application/json; charset=UTF-8
1 > Host: jsonplaceholder.typicode.com
1 > User-Agent: Apache-HttpClient/4.5.5 (Java/1.8.0_221)
{"name":"Test User","username":"testuser","email":"test@user.com","address":{"street":"Has No Name","suite":"Apt. 123","city":"Electri","zipcode":"54321-6789"}}

23:14:37.082 [main] DEBUG com.intuit.karate - response time in milliseconds: 517.19
1 < 201
1 < Access-Control-Allow-Credentials: true
1 < Access-Control-Expose-Headers: Location
1 < CF-Cache-Status: DYNAMIC
1 < CF-RAY: 605d32661f5897a8-FRA
1 < Cache-Control: no-cache
1 < Connection: keep-alive
1 < Content-Length: 216
1 < Content-Type: application/json; charset=utf-8
1 < Date: Tue, 22 Dec 2020 22:14:37 GMT
1 < Etag: W/"d8-pYV7+YuMGP2hxHPU9ARrf97ifDA"
1 < Expect-CT: max-age=604800, report-uri="https://report-uri.cloudflare.com/cdn-cgi/beacon/expect-ct"
1 < Expires: -1
1 < Location: http://jsonplaceholder.typicode.com/users/11
1 < NEL: {"report_to":"cf-nel","max_age":604800}
1 < Pragma: no-cache
1 < Report-To: {"endpoints":[{"url":"https:\/\/a.nel.cloudflare.com\/report?s=d2fdDOPwCjejZiYSBsBvUWRvfUNxgJTyXWCLstB3SOIV8PiAocIgaB4qvpYEtC4XEj7t8FXEbfIjVzbx1WNQRmRjb8RFCce7Y%2BksV0itpS82VjEYMiftkZTSMOBd"}],"group":"cf-nel","max_age":604800}
1 < Server: cloudflare
1 < Set-Cookie: __cfduid=dab53ae55e9cdfb522a6b5203dea9cfc71608675277; expires=Thu, 21-Jan-21 22:14:37 GMT; path=/; domain=.typicode.com; HttpOnly; SameSite=Lax
1 < Vary: Origin, X-HTTP-Method-Override, Accept-Encoding
1 < Via: 1.1 vegur
1 < X-Content-Type-Options: nosniff
1 < X-Powered-By: Express
1 < X-Ratelimit-Limit: 1000
1 < X-Ratelimit-Remaining: 999
1 < X-Ratelimit-Reset: 1608675322
1 < cf-request-id: 072e1dd3cd000097a8a70fe000000001
{
  "name": "Test User",
  "username": "testuser",
  "email": "test@user.com",
  "address": {
    "street": "Has No Name",
    "suite": "Apt. 123",
    "city": "Electri",
    "zipcode": "54321-6789"
  },
  "id": 11
}

23:14:37.272 [main] INFO  com.intuit.karate - [print] created id is:  11
23:15:51.431 [main] INFO  com.intuit.karate - found scenario at line: 8 - ^check cryptocurrency name$
23:15:53.437 [main] INFO  com.intuit.karate - karate.env system property was: null 
23:16:02.256 [main] DEBUG com.intuit.karate - request:
1 > GET https://sandbox-api.coinmarketcap.com/v1/cryptocurrency/info?id=3843
1 > Accept-Encoding: gzip,deflate
1 > Connection: Keep-Alive
1 > Host: sandbox-api.coinmarketcap.com
1 > User-Agent: Apache-HttpClient/4.5.5 (Java/1.8.0_221)
1 > X-CMC_PRO_API_KEY: b54bcf4d-1bca-4e8e-9a24-22ff2c3d462c

23:16:04.396 [main] DEBUG com.intuit.karate - response time in milliseconds: 2126.06
1 < 200
1 < CF-Cache-Status: DYNAMIC
1 < CF-RAY: 605d3487ba2c7c40-BEG
1 < Connection: keep-alive
1 < Content-Type: application/json; charset=utf-8
1 < Date: Tue, 22 Dec 2020 22:16:05 GMT
1 < Expect-CT: max-age=604800, report-uri="https://report-uri.cloudflare.com/cdn-cgi/beacon/expect-ct"
1 < Server: cloudflare
1 < Set-Cookie: __cfduid=d9ed1fe2f85999046be06ad82c36a61c21608675365; expires=Thu, 21-Jan-21 22:16:05 GMT; path=/; domain=.coinmarketcap.com; HttpOnly; SameSite=Lax; Secure
1 < Transfer-Encoding: chunked
1 < cache-control: no-cache
1 < cf-request-id: 072e1f28d600007c406592b000000001
1 < vary: origin,accept-encoding
{"status":{"timestamp":"2020-12-22T22:16:05.222Z","error_code":0,"error_message":null,"elapsed":8,"credit_count":1,"notice":null},"data":{"3843":{"urls":{"website":["https://bolt.global/"],"technical_doc":["https://www.slideshare.net/secret/BFGrVsSUUcQa2Y"],"twitter":["https://twitter.com/Bolt_Global"],"reddit":[],"message_board":["https://medium.com/bolt-global"],"announcement":[],"chat":[],"explorer":["https://etherscan.io/token/0x9f235d23354857efe6c541db92a9ef1877689bcb","https://ethplorer.io/address/0x9f235d23354857efe6c541db92a9ef1877689bcb"],"source_code":["https://github.com/SyQic-Ops/bolt"]},"logo":"https://s2.coinmarketcap.com/static/img/coins/64x64/3843.png","id":3843,"name":"BOLT","symbol":"BOLT","slug":"bolt","description":"BOLT’s vision is to be the largest mobile wallet in the world, powered by content. Our mission is to democratise the chain between content producers and users.We built BOLT as an ecosystem on the Blockchain to provide an in-ecosystem store of value which increases as utility increases. We built BOLT on a core set of values centered around transparency, collaboration, and innovation. These values drive how we work with our community and how we engage with our users. We believe that BOLT can be a win-win for creators and users to mutually unlock value by participating equally in the ecosystem- whether by contributing a news highlight from Tanzania or subtitling a Korean music video into Bahasa Indonesian. BOLT users can accumulate the BOLT tokens to be used within the ecosystem, or exchange it for other popular tokens which can be bartered in their respective fiat values.","notice":null,"date_added":"2019-04-05T00:00:00.000Z","tags":null,"date_launched":null,"platform":{"id":1027,"name":"Ethereum","symbol":"ETH","slug":"ethereum","token_address":"0x9f235d23354857efe6c541db92a9ef1877689bcb"},"category":"token"}}}

23:29:01.494 [main] INFO  com.intuit.karate - found scenario at line: 14 - ^check error message is null$
23:29:02.511 [main] INFO  com.intuit.karate - karate.env system property was: null 
23:29:06.286 [main] DEBUG com.intuit.karate - request:
1 > GET https://sandbox-api.coinmarketcap.com/v1/cryptocurrency/info?id=3843
1 > Accept-Encoding: gzip,deflate
1 > Connection: Keep-Alive
1 > Host: sandbox-api.coinmarketcap.com
1 > User-Agent: Apache-HttpClient/4.5.5 (Java/1.8.0_221)
1 > X-CMC_PRO_API_KEY: b54bcf4d-1bca-4e8e-9a24-22ff2c3d462c

23:29:07.336 [main] DEBUG com.intuit.karate - response time in milliseconds: 1037.11
1 < 200
1 < CF-Cache-Status: DYNAMIC
1 < CF-RAY: 605d47a4fa5f7c3a-BEG
1 < Connection: keep-alive
1 < Content-Type: application/json; charset=utf-8
1 < Date: Tue, 22 Dec 2020 22:29:08 GMT
1 < Expect-CT: max-age=604800, report-uri="https://report-uri.cloudflare.com/cdn-cgi/beacon/expect-ct"
1 < Server: cloudflare
1 < Set-Cookie: __cfduid=d8c15469289931def0d94b3289a1ece531608676148; expires=Thu, 21-Jan-21 22:29:08 GMT; path=/; domain=.coinmarketcap.com; HttpOnly; SameSite=Lax; Secure
1 < Transfer-Encoding: chunked
1 < cache-control: no-cache
1 < cf-request-id: 072e2b1b1c00007c3ad5b05000000001
1 < vary: origin,accept-encoding
{"status":{"timestamp":"2020-12-22T22:29:08.170Z","error_code":0,"error_message":null,"elapsed":6,"credit_count":1,"notice":null},"data":{"3843":{"urls":{"website":["https://bolt.global/"],"technical_doc":["https://www.slideshare.net/secret/BFGrVsSUUcQa2Y"],"twitter":["https://twitter.com/Bolt_Global"],"reddit":[],"message_board":["https://medium.com/bolt-global"],"announcement":[],"chat":[],"explorer":["https://etherscan.io/token/0x9f235d23354857efe6c541db92a9ef1877689bcb","https://ethplorer.io/address/0x9f235d23354857efe6c541db92a9ef1877689bcb"],"source_code":["https://github.com/SyQic-Ops/bolt"]},"logo":"https://s2.coinmarketcap.com/static/img/coins/64x64/3843.png","id":3843,"name":"BOLT","symbol":"BOLT","slug":"bolt","description":"BOLT’s vision is to be the largest mobile wallet in the world, powered by content. Our mission is to democratise the chain between content producers and users.We built BOLT as an ecosystem on the Blockchain to provide an in-ecosystem store of value which increases as utility increases. We built BOLT on a core set of values centered around transparency, collaboration, and innovation. These values drive how we work with our community and how we engage with our users. We believe that BOLT can be a win-win for creators and users to mutually unlock value by participating equally in the ecosystem- whether by contributing a news highlight from Tanzania or subtitling a Korean music video into Bahasa Indonesian. BOLT users can accumulate the BOLT tokens to be used within the ecosystem, or exchange it for other popular tokens which can be bartered in their respective fiat values.","notice":null,"date_added":"2019-04-05T00:00:00.000Z","tags":null,"date_launched":null,"platform":{"id":1027,"name":"Ethereum","symbol":"ETH","slug":"ethereum","token_address":"0x9f235d23354857efe6c541db92a9ef1877689bcb"},"category":"token"}}}

23:32:41.557 [main] INFO  com.intuit.karate - found scenario at line: 20 - ^check source code github url present$
23:32:42.686 [main] INFO  com.intuit.karate - karate.env system property was: null 
23:32:46.093 [main] DEBUG com.intuit.karate - request:
1 > GET https://sandbox-api.coinmarketcap.com/v1/cryptocurrency/info?id=3843
1 > Accept-Encoding: gzip,deflate
1 > Connection: Keep-Alive
1 > Host: sandbox-api.coinmarketcap.com
1 > User-Agent: Apache-HttpClient/4.5.5 (Java/1.8.0_221)
1 > X-CMC_PRO_API_KEY: b54bcf4d-1bca-4e8e-9a24-22ff2c3d462c

23:32:47.082 [main] DEBUG com.intuit.karate - response time in milliseconds: 974.71
1 < 200
1 < CF-Cache-Status: DYNAMIC
1 < CF-RAY: 605d4d027c157c5e-BEG
1 < Connection: keep-alive
1 < Content-Type: application/json; charset=utf-8
1 < Date: Tue, 22 Dec 2020 22:32:47 GMT
1 < Expect-CT: max-age=604800, report-uri="https://report-uri.cloudflare.com/cdn-cgi/beacon/expect-ct"
1 < Server: cloudflare
1 < Set-Cookie: __cfduid=d6234d35e7d28b0b00b51bf16ba9370731608676367; expires=Thu, 21-Jan-21 22:32:47 GMT; path=/; domain=.coinmarketcap.com; HttpOnly; SameSite=Lax; Secure
1 < Transfer-Encoding: chunked
1 < cache-control: no-cache
1 < cf-request-id: 072e2e759000007c5ef4a57000000001
1 < vary: origin,accept-encoding
{"status":{"timestamp":"2020-12-22T22:32:47.919Z","error_code":0,"error_message":null,"elapsed":6,"credit_count":1,"notice":null},"data":{"3843":{"urls":{"website":["https://bolt.global/"],"technical_doc":["https://www.slideshare.net/secret/BFGrVsSUUcQa2Y"],"twitter":["https://twitter.com/Bolt_Global"],"reddit":[],"message_board":["https://medium.com/bolt-global"],"announcement":[],"chat":[],"explorer":["https://etherscan.io/token/0x9f235d23354857efe6c541db92a9ef1877689bcb","https://ethplorer.io/address/0x9f235d23354857efe6c541db92a9ef1877689bcb"],"source_code":["https://github.com/SyQic-Ops/bolt"]},"logo":"https://s2.coinmarketcap.com/static/img/coins/64x64/3843.png","id":3843,"name":"BOLT","symbol":"BOLT","slug":"bolt","description":"BOLT’s vision is to be the largest mobile wallet in the world, powered by content. Our mission is to democratise the chain between content producers and users.We built BOLT as an ecosystem on the Blockchain to provide an in-ecosystem store of value which increases as utility increases. We built BOLT on a core set of values centered around transparency, collaboration, and innovation. These values drive how we work with our community and how we engage with our users. We believe that BOLT can be a win-win for creators and users to mutually unlock value by participating equally in the ecosystem- whether by contributing a news highlight from Tanzania or subtitling a Korean music video into Bahasa Indonesian. BOLT users can accumulate the BOLT tokens to be used within the ecosystem, or exchange it for other popular tokens which can be bartered in their respective fiat values.","notice":null,"date_added":"2019-04-05T00:00:00.000Z","tags":null,"date_launched":null,"platform":{"id":1027,"name":"Ethereum","symbol":"ETH","slug":"ethereum","token_address":"0x9f235d23354857efe6c541db92a9ef1877689bcb"},"category":"token"}}}

23:32:47.104 [main] ERROR com.intuit.karate - assertion failed: path: $.data.3843.url.source_code, actual: null, expected: 'https://github.com/SyQic-Ops/bolt', reason: actual json-path does not exist
23:34:01.973 [main] INFO  com.intuit.karate - found scenario at line: 20 - ^check source code github url present$
23:34:03.062 [main] INFO  com.intuit.karate - karate.env system property was: null 
23:34:07.207 [main] DEBUG com.intuit.karate - request:
1 > GET https://sandbox-api.coinmarketcap.com/v1/cryptocurrency/info?id=3843
1 > Accept-Encoding: gzip,deflate
1 > Connection: Keep-Alive
1 > Host: sandbox-api.coinmarketcap.com
1 > User-Agent: Apache-HttpClient/4.5.5 (Java/1.8.0_221)
1 > X-CMC_PRO_API_KEY: b54bcf4d-1bca-4e8e-9a24-22ff2c3d462c

23:34:08.190 [main] DEBUG com.intuit.karate - response time in milliseconds: 971.41
1 < 200
1 < CF-Cache-Status: DYNAMIC
1 < CF-RAY: 605d4efdbf767c7c-BEG
1 < Connection: keep-alive
1 < Content-Type: application/json; charset=utf-8
1 < Date: Tue, 22 Dec 2020 22:34:09 GMT
1 < Expect-CT: max-age=604800, report-uri="https://report-uri.cloudflare.com/cdn-cgi/beacon/expect-ct"
1 < Server: cloudflare
1 < Set-Cookie: __cfduid=d72c7e2b0066c9907dbec1229a86a86ce1608676448; expires=Thu, 21-Jan-21 22:34:08 GMT; path=/; domain=.coinmarketcap.com; HttpOnly; SameSite=Lax; Secure
1 < Transfer-Encoding: chunked
1 < cache-control: no-cache
1 < cf-request-id: 072e2fb29000007c7cd9ab7000000001
1 < vary: origin,accept-encoding
{"status":{"timestamp":"2020-12-22T22:34:09.049Z","error_code":0,"error_message":null,"elapsed":4,"credit_count":1,"notice":null},"data":{"3843":{"urls":{"website":["https://bolt.global/"],"technical_doc":["https://www.slideshare.net/secret/BFGrVsSUUcQa2Y"],"twitter":["https://twitter.com/Bolt_Global"],"reddit":[],"message_board":["https://medium.com/bolt-global"],"announcement":[],"chat":[],"explorer":["https://etherscan.io/token/0x9f235d23354857efe6c541db92a9ef1877689bcb","https://ethplorer.io/address/0x9f235d23354857efe6c541db92a9ef1877689bcb"],"source_code":["https://github.com/SyQic-Ops/bolt"]},"logo":"https://s2.coinmarketcap.com/static/img/coins/64x64/3843.png","id":3843,"name":"BOLT","symbol":"BOLT","slug":"bolt","description":"BOLT’s vision is to be the largest mobile wallet in the world, powered by content. Our mission is to democratise the chain between content producers and users.We built BOLT as an ecosystem on the Blockchain to provide an in-ecosystem store of value which increases as utility increases. We built BOLT on a core set of values centered around transparency, collaboration, and innovation. These values drive how we work with our community and how we engage with our users. We believe that BOLT can be a win-win for creators and users to mutually unlock value by participating equally in the ecosystem- whether by contributing a news highlight from Tanzania or subtitling a Korean music video into Bahasa Indonesian. BOLT users can accumulate the BOLT tokens to be used within the ecosystem, or exchange it for other popular tokens which can be bartered in their respective fiat values.","notice":null,"date_added":"2019-04-05T00:00:00.000Z","tags":null,"date_launched":null,"platform":{"id":1027,"name":"Ethereum","symbol":"ETH","slug":"ethereum","token_address":"0x9f235d23354857efe6c541db92a9ef1877689bcb"},"category":"token"}}}

23:34:08.206 [main] ERROR com.intuit.karate - assertion failed: path: $.data.3843.url.source_code, actual: null, expected: 'https://github.com/SyQic-Ops/bolt', reason: actual json-path does not exist
23:39:09.299 [main] INFO  com.intuit.karate - found scenario at line: 20 - ^check source code github url present$
23:39:11.140 [main] INFO  com.intuit.karate - karate.env system property was: null 
23:39:21.032 [main] DEBUG com.intuit.karate - request:
1 > GET https://sandbox-api.coinmarketcap.com/v1/cryptocurrency/info?id=3843
1 > Accept-Encoding: gzip,deflate
1 > Connection: Keep-Alive
1 > Host: sandbox-api.coinmarketcap.com
1 > User-Agent: Apache-HttpClient/4.5.5 (Java/1.8.0_221)
1 > X-CMC_PRO_API_KEY: b54bcf4d-1bca-4e8e-9a24-22ff2c3d462c

23:39:23.690 [main] DEBUG com.intuit.karate - response time in milliseconds: 2634.40
1 < 200
1 < CF-Cache-Status: DYNAMIC
1 < CF-RAY: 605d56b0e9bd7c40-BEG
1 < Connection: keep-alive
1 < Content-Type: application/json; charset=utf-8
1 < Date: Tue, 22 Dec 2020 22:39:24 GMT
1 < Expect-CT: max-age=604800, report-uri="https://report-uri.cloudflare.com/cdn-cgi/beacon/expect-ct"
1 < Server: cloudflare
1 < Set-Cookie: __cfduid=d4677530b718515a7ba09dcb4cc2fcd211608676764; expires=Thu, 21-Jan-21 22:39:24 GMT; path=/; domain=.coinmarketcap.com; HttpOnly; SameSite=Lax; Secure
1 < Transfer-Encoding: chunked
1 < cache-control: no-cache
1 < cf-request-id: 072e34829500007c407c0eb000000001
1 < vary: origin,accept-encoding
{"status":{"timestamp":"2020-12-22T22:39:24.461Z","error_code":0,"error_message":null,"elapsed":5,"credit_count":1,"notice":null},"data":{"3843":{"urls":{"website":["https://bolt.global/"],"technical_doc":["https://www.slideshare.net/secret/BFGrVsSUUcQa2Y"],"twitter":["https://twitter.com/Bolt_Global"],"reddit":[],"message_board":["https://medium.com/bolt-global"],"announcement":[],"chat":[],"explorer":["https://etherscan.io/token/0x9f235d23354857efe6c541db92a9ef1877689bcb","https://ethplorer.io/address/0x9f235d23354857efe6c541db92a9ef1877689bcb"],"source_code":["https://github.com/SyQic-Ops/bolt"]},"logo":"https://s2.coinmarketcap.com/static/img/coins/64x64/3843.png","id":3843,"name":"BOLT","symbol":"BOLT","slug":"bolt","description":"BOLT’s vision is to be the largest mobile wallet in the world, powered by content. Our mission is to democratise the chain between content producers and users.We built BOLT as an ecosystem on the Blockchain to provide an in-ecosystem store of value which increases as utility increases. We built BOLT on a core set of values centered around transparency, collaboration, and innovation. These values drive how we work with our community and how we engage with our users. We believe that BOLT can be a win-win for creators and users to mutually unlock value by participating equally in the ecosystem- whether by contributing a news highlight from Tanzania or subtitling a Korean music video into Bahasa Indonesian. BOLT users can accumulate the BOLT tokens to be used within the ecosystem, or exchange it for other popular tokens which can be bartered in their respective fiat values.","notice":null,"date_added":"2019-04-05T00:00:00.000Z","tags":null,"date_launched":null,"platform":{"id":1027,"name":"Ethereum","symbol":"ETH","slug":"ethereum","token_address":"0x9f235d23354857efe6c541db92a9ef1877689bcb"},"category":"token"}}}

23:40:28.365 [main] INFO  com.intuit.karate - found scenario at line: 20 - ^check source code github url present$
23:40:30.371 [main] INFO  com.intuit.karate - karate.env system property was: null 
23:40:37.065 [main] DEBUG com.intuit.karate - request:
1 > GET https://sandbox-api.coinmarketcap.com/v1/cryptocurrency/info?id=3843
1 > Accept-Encoding: gzip,deflate
1 > Connection: Keep-Alive
1 > Host: sandbox-api.coinmarketcap.com
1 > User-Agent: Apache-HttpClient/4.5.5 (Java/1.8.0_221)
1 > X-CMC_PRO_API_KEY: b54bcf4d-1bca-4e8e-9a24-22ff2c3d462c

23:40:38.830 [main] DEBUG com.intuit.karate - response time in milliseconds: 1746.83
1 < 200
1 < CF-Cache-Status: DYNAMIC
1 < CF-RAY: 605d5884de1b7c82-BEG
1 < Connection: keep-alive
1 < Content-Type: application/json; charset=utf-8
1 < Date: Tue, 22 Dec 2020 22:40:39 GMT
1 < Expect-CT: max-age=604800, report-uri="https://report-uri.cloudflare.com/cdn-cgi/beacon/expect-ct"
1 < Server: cloudflare
1 < Set-Cookie: __cfduid=db52fcd0058b1adf95d0872b9fc27c3f71608676839; expires=Thu, 21-Jan-21 22:40:39 GMT; path=/; domain=.coinmarketcap.com; HttpOnly; SameSite=Lax; Secure
1 < Transfer-Encoding: chunked
1 < cache-control: no-cache
1 < cf-request-id: 072e35a70b00007c8250832000000001
1 < vary: origin,accept-encoding
{"status":{"timestamp":"2020-12-22T22:40:39.669Z","error_code":0,"error_message":null,"elapsed":7,"credit_count":1,"notice":null},"data":{"3843":{"urls":{"website":["https://bolt.global/"],"technical_doc":["https://www.slideshare.net/secret/BFGrVsSUUcQa2Y"],"twitter":["https://twitter.com/Bolt_Global"],"reddit":[],"message_board":["https://medium.com/bolt-global"],"announcement":[],"chat":[],"explorer":["https://etherscan.io/token/0x9f235d23354857efe6c541db92a9ef1877689bcb","https://ethplorer.io/address/0x9f235d23354857efe6c541db92a9ef1877689bcb"],"source_code":["https://github.com/SyQic-Ops/bolt"]},"logo":"https://s2.coinmarketcap.com/static/img/coins/64x64/3843.png","id":3843,"name":"BOLT","symbol":"BOLT","slug":"bolt","description":"BOLT’s vision is to be the largest mobile wallet in the world, powered by content. Our mission is to democratise the chain between content producers and users.We built BOLT as an ecosystem on the Blockchain to provide an in-ecosystem store of value which increases as utility increases. We built BOLT on a core set of values centered around transparency, collaboration, and innovation. These values drive how we work with our community and how we engage with our users. We believe that BOLT can be a win-win for creators and users to mutually unlock value by participating equally in the ecosystem- whether by contributing a news highlight from Tanzania or subtitling a Korean music video into Bahasa Indonesian. BOLT users can accumulate the BOLT tokens to be used within the ecosystem, or exchange it for other popular tokens which can be bartered in their respective fiat values.","notice":null,"date_added":"2019-04-05T00:00:00.000Z","tags":null,"date_launched":null,"platform":{"id":1027,"name":"Ethereum","symbol":"ETH","slug":"ethereum","token_address":"0x9f235d23354857efe6c541db92a9ef1877689bcb"},"category":"token"}}}

23:40:38.890 [main] ERROR com.intuit.karate - assertion failed: path: $.data.3843.url.source_code, actual: null, expected: 'https://github.com/SyQic-Ops/bolt', reason: actual json-path does not exist
23:41:33.695 [main] INFO  com.intuit.karate - found scenario at line: 20 - ^check source code github url present$
23:41:35.650 [main] INFO  com.intuit.karate - karate.env system property was: null 
23:41:42.883 [main] DEBUG com.intuit.karate - request:
1 > GET https://sandbox-api.coinmarketcap.com/v1/cryptocurrency/info?id=3843
1 > Accept-Encoding: gzip,deflate
1 > Connection: Keep-Alive
1 > Host: sandbox-api.coinmarketcap.com
1 > User-Agent: Apache-HttpClient/4.5.5 (Java/1.8.0_221)
1 > X-CMC_PRO_API_KEY: b54bcf4d-1bca-4e8e-9a24-22ff2c3d462c

23:41:44.311 [main] DEBUG com.intuit.karate - response time in milliseconds: 1410.66
1 < 200
1 < CF-Cache-Status: DYNAMIC
1 < CF-RAY: 605d5a204d787ca6-BEG
1 < Connection: keep-alive
1 < Content-Type: application/json; charset=utf-8
1 < Date: Tue, 22 Dec 2020 22:41:45 GMT
1 < Expect-CT: max-age=604800, report-uri="https://report-uri.cloudflare.com/cdn-cgi/beacon/expect-ct"
1 < Server: cloudflare
1 < Set-Cookie: __cfduid=d598b2efb86414544af91b42d5fd6c0861608676905; expires=Thu, 21-Jan-21 22:41:45 GMT; path=/; domain=.coinmarketcap.com; HttpOnly; SameSite=Lax; Secure
1 < Transfer-Encoding: chunked
1 < cache-control: no-cache
1 < cf-request-id: 072e36a82d00007ca63e82c000000001
1 < vary: origin,accept-encoding
{"status":{"timestamp":"2020-12-22T22:41:45.154Z","error_code":0,"error_message":null,"elapsed":5,"credit_count":1,"notice":null},"data":{"3843":{"urls":{"website":["https://bolt.global/"],"technical_doc":["https://www.slideshare.net/secret/BFGrVsSUUcQa2Y"],"twitter":["https://twitter.com/Bolt_Global"],"reddit":[],"message_board":["https://medium.com/bolt-global"],"announcement":[],"chat":[],"explorer":["https://etherscan.io/token/0x9f235d23354857efe6c541db92a9ef1877689bcb","https://ethplorer.io/address/0x9f235d23354857efe6c541db92a9ef1877689bcb"],"source_code":["https://github.com/SyQic-Ops/bolt"]},"logo":"https://s2.coinmarketcap.com/static/img/coins/64x64/3843.png","id":3843,"name":"BOLT","symbol":"BOLT","slug":"bolt","description":"BOLT’s vision is to be the largest mobile wallet in the world, powered by content. Our mission is to democratise the chain between content producers and users.We built BOLT as an ecosystem on the Blockchain to provide an in-ecosystem store of value which increases as utility increases. We built BOLT on a core set of values centered around transparency, collaboration, and innovation. These values drive how we work with our community and how we engage with our users. We believe that BOLT can be a win-win for creators and users to mutually unlock value by participating equally in the ecosystem- whether by contributing a news highlight from Tanzania or subtitling a Korean music video into Bahasa Indonesian. BOLT users can accumulate the BOLT tokens to be used within the ecosystem, or exchange it for other popular tokens which can be bartered in their respective fiat values.","notice":null,"date_added":"2019-04-05T00:00:00.000Z","tags":null,"date_launched":null,"platform":{"id":1027,"name":"Ethereum","symbol":"ETH","slug":"ethereum","token_address":"0x9f235d23354857efe6c541db92a9ef1877689bcb"},"category":"token"}}}

23:41:44.354 [main] ERROR com.intuit.karate - assertion failed: path: $.data.3843.urls.source_code, actual: ["https:\/\/github.com\/SyQic-Ops\/bolt"], expected: 'https://github.com/SyQic-Ops/bolt', reason: actual value is not a string
23:43:00.395 [main] INFO  com.intuit.karate - found scenario at line: 20 - ^check source code github url present$
23:43:03.331 [main] INFO  com.intuit.karate - karate.env system property was: null 
23:43:10.845 [main] DEBUG com.intuit.karate - request:
1 > GET https://sandbox-api.coinmarketcap.com/v1/cryptocurrency/info?id=3843
1 > Accept-Encoding: gzip,deflate
1 > Connection: Keep-Alive
1 > Host: sandbox-api.coinmarketcap.com
1 > User-Agent: Apache-HttpClient/4.5.5 (Java/1.8.0_221)
1 > X-CMC_PRO_API_KEY: b54bcf4d-1bca-4e8e-9a24-22ff2c3d462c

23:43:12.230 [main] DEBUG com.intuit.karate - response time in milliseconds: 1362.16
1 < 200
1 < CF-Cache-Status: DYNAMIC
1 < CF-RAY: 605d5c460f7b7c94-BEG
1 < Connection: keep-alive
1 < Content-Type: application/json; charset=utf-8
1 < Date: Tue, 22 Dec 2020 22:43:13 GMT
1 < Expect-CT: max-age=604800, report-uri="https://report-uri.cloudflare.com/cdn-cgi/beacon/expect-ct"
1 < Server: cloudflare
1 < Set-Cookie: __cfduid=d27a5683515f2ce727f5e2eee6f283a391608676992; expires=Thu, 21-Jan-21 22:43:12 GMT; path=/; domain=.coinmarketcap.com; HttpOnly; SameSite=Lax; Secure
1 < Transfer-Encoding: chunked
1 < cache-control: no-cache
1 < cf-request-id: 072e37ffc100007c940991b000000001
1 < vary: origin,accept-encoding
{"status":{"timestamp":"2020-12-22T22:43:13.064Z","error_code":0,"error_message":null,"elapsed":5,"credit_count":1,"notice":null},"data":{"3843":{"urls":{"website":["https://bolt.global/"],"technical_doc":["https://www.slideshare.net/secret/BFGrVsSUUcQa2Y"],"twitter":["https://twitter.com/Bolt_Global"],"reddit":[],"message_board":["https://medium.com/bolt-global"],"announcement":[],"chat":[],"explorer":["https://etherscan.io/token/0x9f235d23354857efe6c541db92a9ef1877689bcb","https://ethplorer.io/address/0x9f235d23354857efe6c541db92a9ef1877689bcb"],"source_code":["https://github.com/SyQic-Ops/bolt"]},"logo":"https://s2.coinmarketcap.com/static/img/coins/64x64/3843.png","id":3843,"name":"BOLT","symbol":"BOLT","slug":"bolt","description":"BOLT’s vision is to be the largest mobile wallet in the world, powered by content. Our mission is to democratise the chain between content producers and users.We built BOLT as an ecosystem on the Blockchain to provide an in-ecosystem store of value which increases as utility increases. We built BOLT on a core set of values centered around transparency, collaboration, and innovation. These values drive how we work with our community and how we engage with our users. We believe that BOLT can be a win-win for creators and users to mutually unlock value by participating equally in the ecosystem- whether by contributing a news highlight from Tanzania or subtitling a Korean music video into Bahasa Indonesian. BOLT users can accumulate the BOLT tokens to be used within the ecosystem, or exchange it for other popular tokens which can be bartered in their respective fiat values.","notice":null,"date_added":"2019-04-05T00:00:00.000Z","tags":null,"date_launched":null,"platform":{"id":1027,"name":"Ethereum","symbol":"ETH","slug":"ethereum","token_address":"0x9f235d23354857efe6c541db92a9ef1877689bcb"},"category":"token"}}}

23:48:21.692 [main] INFO  com.intuit.karate - found scenario at line: 26 - ^check date$
23:48:22.807 [main] INFO  com.intuit.karate - karate.env system property was: null 
23:48:27.992 [main] DEBUG com.intuit.karate - request:
1 > GET https://sandbox-api.coinmarketcap.com/v1/cryptocurrency/info?id=3843
1 > Accept-Encoding: gzip,deflate
1 > Connection: Keep-Alive
1 > Host: sandbox-api.coinmarketcap.com
1 > User-Agent: Apache-HttpClient/4.5.5 (Java/1.8.0_221)
1 > X-CMC_PRO_API_KEY: b54bcf4d-1bca-4e8e-9a24-22ff2c3d462c

23:48:29.147 [main] DEBUG com.intuit.karate - response time in milliseconds: 1138.69
1 < 200
1 < CF-Cache-Status: DYNAMIC
1 < CF-RAY: 605d64028a9a7c4c-BEG
1 < Connection: keep-alive
1 < Content-Type: application/json; charset=utf-8
1 < Date: Tue, 22 Dec 2020 22:48:30 GMT
1 < Expect-CT: max-age=604800, report-uri="https://report-uri.cloudflare.com/cdn-cgi/beacon/expect-ct"
1 < Server: cloudflare
1 < Set-Cookie: __cfduid=d802f6f969ce36279deb11dcf95d5cc8e1608677309; expires=Thu, 21-Jan-21 22:48:29 GMT; path=/; domain=.coinmarketcap.com; HttpOnly; SameSite=Lax; Secure
1 < Transfer-Encoding: chunked
1 < cache-control: no-cache
1 < cf-request-id: 072e3cd59400007c4c500d7000000001
1 < vary: origin,accept-encoding
{"status":{"timestamp":"2020-12-22T22:48:29.987Z","error_code":0,"error_message":null,"elapsed":5,"credit_count":1,"notice":null},"data":{"3843":{"urls":{"website":["https://bolt.global/"],"technical_doc":["https://www.slideshare.net/secret/BFGrVsSUUcQa2Y"],"twitter":["https://twitter.com/Bolt_Global"],"reddit":[],"message_board":["https://medium.com/bolt-global"],"announcement":[],"chat":[],"explorer":["https://etherscan.io/token/0x9f235d23354857efe6c541db92a9ef1877689bcb","https://ethplorer.io/address/0x9f235d23354857efe6c541db92a9ef1877689bcb"],"source_code":["https://github.com/SyQic-Ops/bolt"]},"logo":"https://s2.coinmarketcap.com/static/img/coins/64x64/3843.png","id":3843,"name":"BOLT","symbol":"BOLT","slug":"bolt","description":"BOLT’s vision is to be the largest mobile wallet in the world, powered by content. Our mission is to democratise the chain between content producers and users.We built BOLT as an ecosystem on the Blockchain to provide an in-ecosystem store of value which increases as utility increases. We built BOLT on a core set of values centered around transparency, collaboration, and innovation. These values drive how we work with our community and how we engage with our users. We believe that BOLT can be a win-win for creators and users to mutually unlock value by participating equally in the ecosystem- whether by contributing a news highlight from Tanzania or subtitling a Korean music video into Bahasa Indonesian. BOLT users can accumulate the BOLT tokens to be used within the ecosystem, or exchange it for other popular tokens which can be bartered in their respective fiat values.","notice":null,"date_added":"2019-04-05T00:00:00.000Z","tags":null,"date_launched":null,"platform":{"id":1027,"name":"Ethereum","symbol":"ETH","slug":"ethereum","token_address":"0x9f235d23354857efe6c541db92a9ef1877689bcb"},"category":"token"}}}

23:51:00.802 [main] INFO  com.intuit.karate - found scenario at line: 32 - ^check logo URL is present$
23:51:02.008 [main] INFO  com.intuit.karate - karate.env system property was: null 
23:51:05.750 [main] DEBUG com.intuit.karate - request:
1 > GET https://sandbox-api.coinmarketcap.com/v1/cryptocurrency/info?id=3843
1 > Accept-Encoding: gzip,deflate
1 > Connection: Keep-Alive
1 > Host: sandbox-api.coinmarketcap.com
1 > User-Agent: Apache-HttpClient/4.5.5 (Java/1.8.0_221)
1 > X-CMC_PRO_API_KEY: b54bcf4d-1bca-4e8e-9a24-22ff2c3d462c

23:51:06.734 [main] DEBUG com.intuit.karate - response time in milliseconds: 964.44
1 < 200
1 < CF-Cache-Status: DYNAMIC
1 < CF-RAY: 605d67db58127c3a-BEG
1 < Connection: keep-alive
1 < Content-Type: application/json; charset=utf-8
1 < Date: Tue, 22 Dec 2020 22:51:07 GMT
1 < Expect-CT: max-age=604800, report-uri="https://report-uri.cloudflare.com/cdn-cgi/beacon/expect-ct"
1 < Server: cloudflare
1 < Set-Cookie: __cfduid=df98d0463f6bcb78ef9118c1a67792ed11608677467; expires=Thu, 21-Jan-21 22:51:07 GMT; path=/; domain=.coinmarketcap.com; HttpOnly; SameSite=Lax; Secure
1 < Transfer-Encoding: chunked
1 < cache-control: no-cache
1 < cf-request-id: 072e3f3d1800007c3ab296a000000001
1 < vary: origin,accept-encoding
{"status":{"timestamp":"2020-12-22T22:51:07.563Z","error_code":0,"error_message":null,"elapsed":5,"credit_count":1,"notice":null},"data":{"3843":{"urls":{"website":["https://bolt.global/"],"technical_doc":["https://www.slideshare.net/secret/BFGrVsSUUcQa2Y"],"twitter":["https://twitter.com/Bolt_Global"],"reddit":[],"message_board":["https://medium.com/bolt-global"],"announcement":[],"chat":[],"explorer":["https://etherscan.io/token/0x9f235d23354857efe6c541db92a9ef1877689bcb","https://ethplorer.io/address/0x9f235d23354857efe6c541db92a9ef1877689bcb"],"source_code":["https://github.com/SyQic-Ops/bolt"]},"logo":"https://s2.coinmarketcap.com/static/img/coins/64x64/3843.png","id":3843,"name":"BOLT","symbol":"BOLT","slug":"bolt","description":"BOLT’s vision is to be the largest mobile wallet in the world, powered by content. Our mission is to democratise the chain between content producers and users.We built BOLT as an ecosystem on the Blockchain to provide an in-ecosystem store of value which increases as utility increases. We built BOLT on a core set of values centered around transparency, collaboration, and innovation. These values drive how we work with our community and how we engage with our users. We believe that BOLT can be a win-win for creators and users to mutually unlock value by participating equally in the ecosystem- whether by contributing a news highlight from Tanzania or subtitling a Korean music video into Bahasa Indonesian. BOLT users can accumulate the BOLT tokens to be used within the ecosystem, or exchange it for other popular tokens which can be bartered in their respective fiat values.","notice":null,"date_added":"2019-04-05T00:00:00.000Z","tags":null,"date_launched":null,"platform":{"id":1027,"name":"Ethereum","symbol":"ETH","slug":"ethereum","token_address":"0x9f235d23354857efe6c541db92a9ef1877689bcb"},"category":"token"}}}

23:54:51.272 [main] INFO  com.intuit.karate - found scenario at line: 38 - ^check website url is present$
23:54:52.266 [main] INFO  com.intuit.karate - karate.env system property was: null 
23:54:55.937 [main] DEBUG com.intuit.karate - request:
1 > GET https://sandbox-api.coinmarketcap.com/v1/cryptocurrency/info?id=3843
1 > Accept-Encoding: gzip,deflate
1 > Connection: Keep-Alive
1 > Host: sandbox-api.coinmarketcap.com
1 > User-Agent: Apache-HttpClient/4.5.5 (Java/1.8.0_221)
1 > X-CMC_PRO_API_KEY: b54bcf4d-1bca-4e8e-9a24-22ff2c3d462c

23:54:56.862 [main] DEBUG com.intuit.karate - response time in milliseconds: 911.22
1 < 200
1 < CF-Cache-Status: DYNAMIC
1 < CF-RAY: 605d6d79fb977ca0-BEG
1 < Connection: keep-alive
1 < Content-Type: application/json; charset=utf-8
1 < Date: Tue, 22 Dec 2020 22:54:57 GMT
1 < Expect-CT: max-age=604800, report-uri="https://report-uri.cloudflare.com/cdn-cgi/beacon/expect-ct"
1 < Server: cloudflare
1 < Set-Cookie: __cfduid=d4248043beaccba0f5948c3c5143b03181608677697; expires=Thu, 21-Jan-21 22:54:57 GMT; path=/; domain=.coinmarketcap.com; HttpOnly; SameSite=Lax; Secure
1 < Transfer-Encoding: chunked
1 < cache-control: no-cache
1 < cf-request-id: 072e42c03b00007ca08dae3000000001
1 < vary: origin,accept-encoding
{"status":{"timestamp":"2020-12-22T22:54:57.737Z","error_code":0,"error_message":null,"elapsed":6,"credit_count":1,"notice":null},"data":{"3843":{"urls":{"website":["https://bolt.global/"],"technical_doc":["https://www.slideshare.net/secret/BFGrVsSUUcQa2Y"],"twitter":["https://twitter.com/Bolt_Global"],"reddit":[],"message_board":["https://medium.com/bolt-global"],"announcement":[],"chat":[],"explorer":["https://etherscan.io/token/0x9f235d23354857efe6c541db92a9ef1877689bcb","https://ethplorer.io/address/0x9f235d23354857efe6c541db92a9ef1877689bcb"],"source_code":["https://github.com/SyQic-Ops/bolt"]},"logo":"https://s2.coinmarketcap.com/static/img/coins/64x64/3843.png","id":3843,"name":"BOLT","symbol":"BOLT","slug":"bolt","description":"BOLT’s vision is to be the largest mobile wallet in the world, powered by content. Our mission is to democratise the chain between content producers and users.We built BOLT as an ecosystem on the Blockchain to provide an in-ecosystem store of value which increases as utility increases. We built BOLT on a core set of values centered around transparency, collaboration, and innovation. These values drive how we work with our community and how we engage with our users. We believe that BOLT can be a win-win for creators and users to mutually unlock value by participating equally in the ecosystem- whether by contributing a news highlight from Tanzania or subtitling a Korean music video into Bahasa Indonesian. BOLT users can accumulate the BOLT tokens to be used within the ecosystem, or exchange it for other popular tokens which can be bartered in their respective fiat values.","notice":null,"date_added":"2019-04-05T00:00:00.000Z","tags":null,"date_launched":null,"platform":{"id":1027,"name":"Ethereum","symbol":"ETH","slug":"ethereum","token_address":"0x9f235d23354857efe6c541db92a9ef1877689bcb"},"category":"token"}}}

00:03:29.213 [main] INFO  com.intuit.karate - found scenario at line: 38 - ^check website url is present$
00:03:31.244 [main] INFO  com.intuit.karate - karate.env system property was: null 
00:03:39.340 [main] DEBUG com.intuit.karate - request:
1 > GET https://sandbox-api.coinmarketcap.com/v1/cryptocurrency/info?id=3843
1 > Accept-Encoding: gzip,deflate
1 > Connection: Keep-Alive
1 > Host: sandbox-api.coinmarketcap.com
1 > User-Agent: Apache-HttpClient/4.5.5 (Java/1.8.0_221)
1 > X-CMC_PRO_API_KEY: b54bcf4d-1bca-4e8e-9a24-22ff2c3d462c

00:03:41.008 [main] DEBUG com.intuit.karate - response time in milliseconds: 1650.76
1 < 200
1 < CF-Cache-Status: DYNAMIC
1 < CF-RAY: 605d7a45bbec7c7c-BEG
1 < Connection: keep-alive
1 < Content-Type: application/json; charset=utf-8
1 < Date: Tue, 22 Dec 2020 23:03:41 GMT
1 < Expect-CT: max-age=604800, report-uri="https://report-uri.cloudflare.com/cdn-cgi/beacon/expect-ct"
1 < Server: cloudflare
1 < Set-Cookie: __cfduid=ddeaf247c475f441d251c439caed69ebc1608678221; expires=Thu, 21-Jan-21 23:03:41 GMT; path=/; domain=.coinmarketcap.com; HttpOnly; SameSite=Lax; Secure
1 < Transfer-Encoding: chunked
1 < cache-control: no-cache
1 < cf-request-id: 072e4abf9000007c7cdf07d000000001
1 < vary: origin,accept-encoding
{"status":{"timestamp":"2020-12-22T23:03:41.858Z","error_code":0,"error_message":null,"elapsed":6,"credit_count":1,"notice":null},"data":{"3843":{"urls":{"website":["https://bolt.global/"],"technical_doc":["https://www.slideshare.net/secret/BFGrVsSUUcQa2Y"],"twitter":["https://twitter.com/Bolt_Global"],"reddit":[],"message_board":["https://medium.com/bolt-global"],"announcement":[],"chat":[],"explorer":["https://etherscan.io/token/0x9f235d23354857efe6c541db92a9ef1877689bcb","https://ethplorer.io/address/0x9f235d23354857efe6c541db92a9ef1877689bcb"],"source_code":["https://github.com/SyQic-Ops/bolt"]},"logo":"https://s2.coinmarketcap.com/static/img/coins/64x64/3843.png","id":3843,"name":"BOLT","symbol":"BOLT","slug":"bolt","description":"BOLT’s vision is to be the largest mobile wallet in the world, powered by content. Our mission is to democratise the chain between content producers and users.We built BOLT as an ecosystem on the Blockchain to provide an in-ecosystem store of value which increases as utility increases. We built BOLT on a core set of values centered around transparency, collaboration, and innovation. These values drive how we work with our community and how we engage with our users. We believe that BOLT can be a win-win for creators and users to mutually unlock value by participating equally in the ecosystem- whether by contributing a news highlight from Tanzania or subtitling a Korean music video into Bahasa Indonesian. BOLT users can accumulate the BOLT tokens to be used within the ecosystem, or exchange it for other popular tokens which can be bartered in their respective fiat values.","notice":null,"date_added":"2019-04-05T00:00:00.000Z","tags":null,"date_launched":null,"platform":{"id":1027,"name":"Ethereum","symbol":"ETH","slug":"ethereum","token_address":"0x9f235d23354857efe6c541db92a9ef1877689bcb"},"category":"token"}}}

